{
  "stats": {
    "suites": 1,
    "tests": 2,
    "passes": 2,
    "pending": 0,
    "failures": 0,
    "start": "2024-09-26T18:44:46.469Z",
    "end": "2024-09-26T18:44:48.831Z",
    "duration": 2362,
    "testsRegistered": 2,
    "passPercent": 100,
    "pendingPercent": 0,
    "other": 0,
    "hasOther": false,
    "skipped": 0,
    "hasSkipped": false
  },
  "results": [
    {
      "uuid": "88f22aa2-0a4d-4773-bf36-5e08db76acbf",
      "title": "",
      "fullFile": "cypress\\e2e\\authForm.test.ts",
      "file": "cypress\\e2e\\authForm.test.ts",
      "beforeHooks": [],
      "afterHooks": [],
      "tests": [],
      "suites": [
        {
          "uuid": "6409bae1-cdeb-4072-a478-11396b4357f9",
          "title": "Authentication Form",
          "fullFile": "",
          "file": "",
          "beforeHooks": [],
          "afterHooks": [],
          "tests": [
            {
              "title": "should display welcome message on valid login",
              "fullTitle": "Authentication Form should display welcome message on valid login",
              "timedOut": null,
              "duration": 1406,
              "state": "passed",
              "speed": "fast",
              "pass": true,
              "fail": false,
              "pending": false,
              "context": null,
              "code": "cy.get('input[id=\"username\"]').type('user');\ncy.get('input[id=\"password\"]').type('pass');\ncy.get('button[type=\"submit\"]').click();\ncy.contains('Welcome!').should('be.visible');\ncy.wait(500);",
              "err": {},
              "uuid": "eb628891-3c5b-40ad-bfcb-647d0fdc9f0b",
              "parentUUID": "6409bae1-cdeb-4072-a478-11396b4357f9",
              "isHook": false,
              "skipped": false
            },
            {
              "title": "should display invalid credentials message on invalid login",
              "fullTitle": "Authentication Form should display invalid credentials message on invalid login",
              "timedOut": null,
              "duration": 850,
              "state": "passed",
              "speed": "fast",
              "pass": true,
              "fail": false,
              "pending": false,
              "context": null,
              "code": "cy.get('input[id=\"username\"]').type('wrongUserrrr');\ncy.get('input[id=\"password\"]').type('wrongPasswww');\ncy.get('button[type=\"submit\"]').click();\ncy.contains('Invalid credentials').should('be.visible');",
              "err": {},
              "uuid": "e11facca-644c-40ae-a16d-ba3cb6eb86d8",
              "parentUUID": "6409bae1-cdeb-4072-a478-11396b4357f9",
              "isHook": false,
              "skipped": false
            }
          ],
          "suites": [],
          "passes": [
            "eb628891-3c5b-40ad-bfcb-647d0fdc9f0b",
            "e11facca-644c-40ae-a16d-ba3cb6eb86d8"
          ],
          "failures": [],
          "pending": [],
          "skipped": [],
          "duration": 2256,
          "root": false,
          "rootEmpty": false,
          "_timeout": 2000
        }
      ],
      "passes": [],
      "failures": [],
      "pending": [],
      "skipped": [],
      "duration": 0,
      "root": true,
      "rootEmpty": true,
      "_timeout": 2000
    }
  ],
  "meta": {
    "mocha": {
      "version": "7.0.1"
    },
    "mochawesome": {
      "options": {
        "quiet": false,
        "reportFilename": "mochawesome",
        "saveHtml": true,
        "saveJson": true,
        "consoleReporter": "spec",
        "useInlineDiffs": false,
        "code": true
      },
      "version": "7.1.3"
    },
    "marge": {
      "options": {
        "id": "default",
        "reportDir": "cypress/reports",
        "overwrite": false,
        "html": true,
        "json": true
      },
      "version": "6.2.0"
    }
  }
}